<?xml version="1.0" encoding="UTF-8"?>
<testng-results ignored="0" total="1" passed="1" failed="0" skipped="0">
  <reporter-output>
  </reporter-output>
  <suite started-at="2020-12-23T10:42:04 COT" name="Surefire suite" finished-at="2020-12-23T10:42:04 COT" duration-ms="160">
    <groups>
    </groups>
    <test started-at="2020-12-23T10:42:04 COT" name="Surefire test" finished-at="2020-12-23T10:42:04 COT" duration-ms="160">
      <class name="blockudoku.BlockudokuTest">
        <test-method signature="tableSizeTest()[pri:0, instance:blockudoku.BlockudokuTest@563a89b5]" started-at="2020-12-23T10:42:04 COT" name="tableSizeTest" finished-at="2020-12-23T10:42:04 COT" duration-ms="38" status="PASS">
          <reporter-output>
          </reporter-output>
        </test-method> <!-- tableSizeTest -->
      </class> <!-- blockudoku.BlockudokuTest -->
    </test> <!-- Surefire test -->
  </suite> <!-- Surefire suite -->
</testng-results>
